# JRE version: Java(TM) SE Runtime Environment (8.0_131-b11) (build 1.8.0_131-b11)
# Java VM: Java HotSpot(TM) 64-Bit Server VM (25.131-b11 mixed mode windows-amd64 compressed oops)
Heap:
 PSYoungGen      total 159744K, used 22333K [0x00000000e0b00000, 0x00000000eba80000, 0x0000000100000000)
  eden space 150528K, 8% used [0x00000000e0b00000,0x00000000e1828138,0x00000000e9e00000)
  from space 9216K, 96% used [0x00000000eb180000,0x00000000eba272f0,0x00000000eba80000)
  to   space 11776K, 0% used [0x00000000ea380000,0x00000000ea380000,0x00000000eaf00000)
 ParOldGen       total 72192K, used 14543K [0x00000000a2000000, 0x00000000a6680000, 0x00000000e0b00000)
  object space 72192K, 20% used [0x00000000a2000000,0x00000000a2e33e18,0x00000000a6680000)
 Metaspace       used 39046K, capacity 40732K, committed 40920K, reserved 1085440K
  class space    used 4977K, capacity 5302K, committed 5336K, reserved 1048576K
GC Heap History (10 events):
Event: 5.741 GC heap before
{Heap before GC invocations=8 (full 1):
 PSYoungGen      total 81920K, used 81738K [0x00000000e0b00000, 0x00000000e7900000, 0x0000000100000000)
  eden space 75776K, 100% used [0x00000000e0b00000,0x00000000e5500000,0x00000000e5500000)
  from space 6144K, 97% used [0x00000000e7300000,0x00000000e78d28b8,0x00000000e7900000)
  to   space 8192K, 0% used [0x00000000e6900000,0x00000000e6900000,0x00000000e7100000)
 ParOldGen       total 47104K, used 7658K [0x00000000a2000000, 0x00000000a4e00000, 0x00000000e0b00000)
  object space 47104K, 16% used [0x00000000a2000000,0x00000000a277a800,0x00000000a4e00000)
 Metaspace       used 28301K, capacity 29252K, committed 29440K, reserved 1075200K
  class space    used 3582K, capacity 3810K, committed 3840K, reserved 1048576K
Event: 5.757 GC heap after
Heap after GC invocations=8 (full 1):
 PSYoungGen      total 104448K, used 8180K [0x00000000e0b00000, 0x00000000e9300000, 0x0000000100000000)
  eden space 96256K, 0% used [0x00000000e0b00000,0x00000000e0b00000,0x00000000e6900000)
  from space 8192K, 99% used [0x00000000e6900000,0x00000000e70fd3e8,0x00000000e7100000)
  to   space 9216K, 0% used [0x00000000e8a00000,0x00000000e8a00000,0x00000000e9300000)
 ParOldGen       total 47104K, used 7666K [0x00000000a2000000, 0x00000000a4e00000, 0x00000000e0b00000)
  object space 47104K, 16% used [0x00000000a2000000,0x00000000a277c800,0x00000000a4e00000)
 Metaspace       used 28301K, capacity 29252K, committed 29440K, reserved 1075200K
  class space    used 3582K, capacity 3810K, committed 3840K, reserved 1048576K
}
Event: 7.102 GC heap before
{Heap before GC invocations=9 (full 1):
 PSYoungGen      total 104448K, used 104436K [0x00000000e0b00000, 0x00000000e9300000, 0x0000000100000000)
  eden space 96256K, 100% used [0x00000000e0b00000,0x00000000e6900000,0x00000000e6900000)
  from space 8192K, 99% used [0x00000000e6900000,0x00000000e70fd3e8,0x00000000e7100000)
  to   space 9216K, 0% used [0x00000000e8a00000,0x00000000e8a00000,0x00000000e9300000)
 ParOldGen       total 47104K, used 7666K [0x00000000a2000000, 0x00000000a4e00000, 0x00000000e0b00000)
  object space 47104K, 16% used [0x00000000a2000000,0x00000000a277c800,0x00000000a4e00000)
 Metaspace       used 33523K, capacity 34792K, committed 35072K, reserved 1079296K
  class space    used 4273K, capacity 4530K, committed 4608K, reserved 1048576K
Event: 7.113 GC heap after
Heap after GC invocations=9 (full 1):
 PSYoungGen      total 127488K, used 9197K [0x00000000e0b00000, 0x00000000eb580000, 0x0000000100000000)
  eden space 118272K, 0% used [0x00000000e0b00000,0x00000000e0b00000,0x00000000e7e80000)
  from space 9216K, 99% used [0x00000000e8a00000,0x00000000e92fb618,0x00000000e9300000)
  to   space 11776K, 0% used [0x00000000e7e80000,0x00000000e7e80000,0x00000000e8a00000)
 ParOldGen       total 47104K, used 11709K [0x00000000a2000000, 0x00000000a4e00000, 0x00000000e0b00000)
  object space 47104K, 24% used [0x00000000a2000000,0x00000000a2b6f598,0x00000000a4e00000)
 Metaspace       used 33523K, capacity 34792K, committed 35072K, reserved 1079296K
  class space    used 4273K, capacity 4530K, committed 4608K, reserved 1048576K
}
Event: 7.780 GC heap before
{Heap before GC invocations=10 (full 1):
 PSYoungGen      total 127488K, used 16684K [0x00000000e0b00000, 0x00000000eb580000, 0x0000000100000000)
  eden space 118272K, 6% used [0x00000000e0b00000,0x00000000e124fbc8,0x00000000e7e80000)
  from space 9216K, 99% used [0x00000000e8a00000,0x00000000e92fb618,0x00000000e9300000)
  to   space 11776K, 0% used [0x00000000e7e80000,0x00000000e7e80000,0x00000000e8a00000)
 ParOldGen       total 47104K, used 11709K [0x00000000a2000000, 0x00000000a4e00000, 0x00000000e0b00000)
  object space 47104K, 24% used [0x00000000a2000000,0x00000000a2b6f598,0x00000000a4e00000)
 Metaspace       used 33947K, capacity 35320K, committed 35416K, reserved 1079296K
  class space    used 4340K, capacity 4620K, committed 4696K, reserved 1048576K
Event: 7.787 GC heap after
Heap after GC invocations=10 (full 1):
 PSYoungGen      total 130048K, used 7916K [0x00000000e0b00000, 0x00000000ebd00000, 0x0000000100000000)
  eden space 118272K, 0% used [0x00000000e0b00000,0x00000000e0b00000,0x00000000e7e80000)
  from space 11776K, 67% used [0x00000000e7e80000,0x00000000e863b0b8,0x00000000e8a00000)
  to   space 11776K, 0% used [0x00000000eb180000,0x00000000eb180000,0x00000000ebd00000)
 ParOldGen       total 47104K, used 13657K [0x00000000a2000000, 0x00000000a4e00000, 0x00000000e0b00000)
  object space 47104K, 28% used [0x00000000a2000000,0x00000000a2d565c8,0x00000000a4e00000)
 Metaspace       used 33947K, capacity 35320K, committed 35416K, reserved 1079296K
  class space    used 4340K, capacity 4620K, committed 4696K, reserved 1048576K
}
Event: 7.787 GC heap before
{Heap before GC invocations=11 (full 2):
 PSYoungGen      total 130048K, used 7916K [0x00000000e0b00000, 0x00000000ebd00000, 0x0000000100000000)
  eden space 118272K, 0% used [0x00000000e0b00000,0x00000000e0b00000,0x00000000e7e80000)
  from space 11776K, 67% used [0x00000000e7e80000,0x00000000e863b0b8,0x00000000e8a00000)
  to   space 11776K, 0% used [0x00000000eb180000,0x00000000eb180000,0x00000000ebd00000)
 ParOldGen       total 47104K, used 13657K [0x00000000a2000000, 0x00000000a4e00000, 0x00000000e0b00000)
  object space 47104K, 28% used [0x00000000a2000000,0x00000000a2d565c8,0x00000000a4e00000)
 Metaspace       used 33947K, capacity 35320K, committed 35416K, reserved 1079296K
  class space    used 4340K, capacity 4620K, committed 4696K, reserved 1048576K
Event: 7.854 GC heap after
Heap after GC invocations=11 (full 2):
 PSYoungGen      total 130048K, used 0K [0x00000000e0b00000, 0x00000000ebd00000, 0x0000000100000000)
  eden space 118272K, 0% used [0x00000000e0b00000,0x00000000e0b00000,0x00000000e7e80000)
  from space 11776K, 0% used [0x00000000e7e80000,0x00000000e7e80000,0x00000000e8a00000)
  to   space 11776K, 0% used [0x00000000eb180000,0x00000000eb180000,0x00000000ebd00000)
 ParOldGen       total 72192K, used 14535K [0x00000000a2000000, 0x00000000a6680000, 0x00000000e0b00000)
  object space 72192K, 20% used [0x00000000a2000000,0x00000000a2e31e18,0x00000000a6680000)
 Metaspace       used 33947K, capacity 35320K, committed 35416K, reserved 1079296K
  class space    used 4340K, capacity 4620K, committed 4696K, reserved 1048576K
}
Event: 10.493 GC heap before
{Heap before GC invocations=12 (full 2):
 PSYoungGen      total 130048K, used 118272K [0x00000000e0b00000, 0x00000000ebd00000, 0x0000000100000000)
  eden space 118272K, 100% used [0x00000000e0b00000,0x00000000e7e80000,0x00000000e7e80000)
  from space 11776K, 0% used [0x00000000e7e80000,0x00000000e7e80000,0x00000000e8a00000)
  to   space 11776K, 0% used [0x00000000eb180000,0x00000000eb180000,0x00000000ebd00000)
 ParOldGen       total 72192K, used 14535K [0x00000000a2000000, 0x00000000a6680000, 0x00000000e0b00000)
  object space 72192K, 20% used [0x00000000a2000000,0x00000000a2e31e18,0x00000000a6680000)
 Metaspace       used 38485K, capacity 40128K, committed 40280K, reserved 1085440K
  class space    used 4903K, capacity 5194K, committed 5208K, reserved 1048576K
Event: 10.503 GC heap after
Heap after GC invocations=12 (full 2):
 PSYoungGen      total 159744K, used 8860K [0x00000000e0b00000, 0x00000000eba80000, 0x0000000100000000)
  eden space 150528K, 0% used [0x00000000e0b00000,0x00000000e0b00000,0x00000000e9e00000)
  from space 9216K, 96% used [0x00000000eb180000,0x00000000eba272f0,0x00000000eba80000)
  to   space 11776K, 0% used [0x00000000ea380000,0x00000000ea380000,0x00000000eaf00000)
 ParOldGen       total 72192K, used 14543K [0x00000000a2000000, 0x00000000a6680000, 0x00000000e0b00000)
  object space 72192K, 20% used [0x00000000a2000000,0x00000000a2e33e18,0x00000000a6680000)
 Metaspace       used 38485K, capacity 40128K, committed 40280K, reserved 1085440K
  class space    used 4903K, capacity 5194K, committed 5208K, reserved 1048576K
}

